Compiling the C compiler identification source file "CMakeCCompilerId.c" failed.
Compiler: /home/thosakwe/cross/bin/i686-elf-gcc 
Build flags: 
Id flags:  

The output was:
1
/home/thosakwe/cross/bin/../libexec/gcc/i686-elf/9.3.0/cc1: error while loading shared libraries: libisl.so.19: cannot open shared object file: No such file or directory


Compiling the C compiler identification source file "CMakeCCompilerId.c" failed.
Compiler: /home/thosakwe/cross/bin/i686-elf-gcc 
Build flags: 
Id flags: -c 

The output was:
1
/home/thosakwe/cross/bin/../libexec/gcc/i686-elf/9.3.0/cc1: error while loading shared libraries: libisl.so.19: cannot open shared object file: No such file or directory


Compiling the C compiler identification source file "CMakeCCompilerId.c" failed.
Compiler: /home/thosakwe/cross/bin/i686-elf-gcc 
Build flags: 
Id flags: -Aa 

The output was:
1
/home/thosakwe/cross/bin/../libexec/gcc/i686-elf/9.3.0/cc1: error while loading shared libraries: libisl.so.19: cannot open shared object file: No such file or directory


Compiling the C compiler identification source file "CMakeCCompilerId.c" failed.
Compiler: /home/thosakwe/cross/bin/i686-elf-gcc 
Build flags: 
Id flags: -D__CLASSIC_C__ 

The output was:
1
/home/thosakwe/cross/bin/../libexec/gcc/i686-elf/9.3.0/cc1: error while loading shared libraries: libisl.so.19: cannot open shared object file: No such file or directory


Compiling the C compiler identification source file "CMakeCCompilerId.c" failed.
Compiler: /home/thosakwe/cross/bin/i686-elf-gcc 
Build flags: 
Id flags: --target=arm-arm-none-eabi;-mcpu=cortex-m3 

The output was:
1
i686-elf-gcc: warning: '-mcpu=' is deprecated; use '-mtune=' or '-march=' instead
i686-elf-gcc: error: unrecognized command line option '--target=arm-arm-none-eabi'


Compiling the C compiler identification source file "CMakeCCompilerId.c" failed.
Compiler: /home/thosakwe/cross/bin/i686-elf-gcc 
Build flags: 
Id flags:  

The output was:
1
/home/thosakwe/cross/bin/../libexec/gcc/i686-elf/9.3.0/cc1: error while loading shared libraries: libisl.so.19: cannot open shared object file: No such file or directory


Compiling the C compiler identification source file "CMakeCCompilerId.c" failed.
Compiler: /home/thosakwe/cross/bin/i686-elf-gcc 
Build flags: 
Id flags: -c 

The output was:
1
/home/thosakwe/cross/bin/../libexec/gcc/i686-elf/9.3.0/cc1: error while loading shared libraries: libisl.so.19: cannot open shared object file: No such file or directory


Compiling the C compiler identification source file "CMakeCCompilerId.c" failed.
Compiler: /home/thosakwe/cross/bin/i686-elf-gcc 
Build flags: 
Id flags: -Aa 

The output was:
1
/home/thosakwe/cross/bin/../libexec/gcc/i686-elf/9.3.0/cc1: error while loading shared libraries: libisl.so.19: cannot open shared object file: No such file or directory


Compiling the C compiler identification source file "CMakeCCompilerId.c" failed.
Compiler: /home/thosakwe/cross/bin/i686-elf-gcc 
Build flags: 
Id flags: -D__CLASSIC_C__ 

The output was:
1
/home/thosakwe/cross/bin/../libexec/gcc/i686-elf/9.3.0/cc1: error while loading shared libraries: libisl.so.19: cannot open shared object file: No such file or directory


Compiling the C compiler identification source file "CMakeCCompilerId.c" failed.
Compiler: /home/thosakwe/cross/bin/i686-elf-gcc 
Build flags: 
Id flags: --target=arm-arm-none-eabi;-mcpu=cortex-m3 

The output was:
1
i686-elf-gcc: warning: '-mcpu=' is deprecated; use '-mtune=' or '-march=' instead
i686-elf-gcc: error: unrecognized command line option '--target=arm-arm-none-eabi'


Checking whether the C compiler is IAR using "" did not match "IAR .+ Compiler":
i686-elf-gcc: fatal error: no input files
compilation terminated.
Checking whether the C compiler is IAR using "" did not match "IAR .+ Compiler":
i686-elf-gcc: fatal error: no input files
compilation terminated.
Compiling the CXX compiler identification source file "CMakeCXXCompilerId.cpp" failed.
Compiler: /home/thosakwe/cross/bin/i686-elf-g++ 
Build flags: 
Id flags:  

The output was:
1
/home/thosakwe/cross/bin/../libexec/gcc/i686-elf/9.3.0/cc1plus: error while loading shared libraries: libisl.so.19: cannot open shared object file: No such file or directory


Compiling the CXX compiler identification source file "CMakeCXXCompilerId.cpp" failed.
Compiler: /home/thosakwe/cross/bin/i686-elf-g++ 
Build flags: 
Id flags: -c 

The output was:
1
/home/thosakwe/cross/bin/../libexec/gcc/i686-elf/9.3.0/cc1plus: error while loading shared libraries: libisl.so.19: cannot open shared object file: No such file or directory


Compiling the CXX compiler identification source file "CMakeCXXCompilerId.cpp" failed.
Compiler: /home/thosakwe/cross/bin/i686-elf-g++ 
Build flags: 
Id flags: --c++ 

The output was:
1
i686-elf-g++: error: unrecognized command line option '--c++'


Compiling the CXX compiler identification source file "CMakeCXXCompilerId.cpp" failed.
Compiler: /home/thosakwe/cross/bin/i686-elf-g++ 
Build flags: 
Id flags: --ec++ 

The output was:
1
i686-elf-g++: error: unrecognized command line option '--ec++'; did you mean '-Weffc++'?


Compiling the CXX compiler identification source file "CMakeCXXCompilerId.cpp" failed.
Compiler: /home/thosakwe/cross/bin/i686-elf-g++ 
Build flags: 
Id flags: --target=arm-arm-none-eabi;-mcpu=cortex-m3 

The output was:
1
i686-elf-g++: warning: '-mcpu=' is deprecated; use '-mtune=' or '-march=' instead
i686-elf-g++: error: unrecognized command line option '--target=arm-arm-none-eabi'


Compiling the CXX compiler identification source file "CMakeCXXCompilerId.cpp" failed.
Compiler: /home/thosakwe/cross/bin/i686-elf-g++ 
Build flags: 
Id flags:  

The output was:
1
/home/thosakwe/cross/bin/../libexec/gcc/i686-elf/9.3.0/cc1plus: error while loading shared libraries: libisl.so.19: cannot open shared object file: No such file or directory


Compiling the CXX compiler identification source file "CMakeCXXCompilerId.cpp" failed.
Compiler: /home/thosakwe/cross/bin/i686-elf-g++ 
Build flags: 
Id flags: -c 

The output was:
1
/home/thosakwe/cross/bin/../libexec/gcc/i686-elf/9.3.0/cc1plus: error while loading shared libraries: libisl.so.19: cannot open shared object file: No such file or directory


Compiling the CXX compiler identification source file "CMakeCXXCompilerId.cpp" failed.
Compiler: /home/thosakwe/cross/bin/i686-elf-g++ 
Build flags: 
Id flags: --c++ 

The output was:
1
i686-elf-g++: error: unrecognized command line option '--c++'


Compiling the CXX compiler identification source file "CMakeCXXCompilerId.cpp" failed.
Compiler: /home/thosakwe/cross/bin/i686-elf-g++ 
Build flags: 
Id flags: --ec++ 

The output was:
1
i686-elf-g++: error: unrecognized command line option '--ec++'; did you mean '-Weffc++'?


Compiling the CXX compiler identification source file "CMakeCXXCompilerId.cpp" failed.
Compiler: /home/thosakwe/cross/bin/i686-elf-g++ 
Build flags: 
Id flags: --target=arm-arm-none-eabi;-mcpu=cortex-m3 

The output was:
1
i686-elf-g++: warning: '-mcpu=' is deprecated; use '-mtune=' or '-march=' instead
i686-elf-g++: error: unrecognized command line option '--target=arm-arm-none-eabi'


Checking whether the CXX compiler is IAR using "" did not match "IAR .+ Compiler":
i686-elf-g++: fatal error: no input files
compilation terminated.
Checking whether the CXX compiler is IAR using "" did not match "IAR .+ Compiler":
i686-elf-g++: fatal error: no input files
compilation terminated.
Determining if the C compiler works failed with the following output:
Change Dir: /home/thosakwe/Source/os6/kernel/cmake-build-debug/CMakeFiles/CMakeTmp

Run Build Command(s):/usr/bin/make cmTC_c6b3d/fast && /usr/bin/make -f CMakeFiles/cmTC_c6b3d.dir/build.make CMakeFiles/cmTC_c6b3d.dir/build
make[1]: Entering directory '/home/thosakwe/Source/os6/kernel/cmake-build-debug/CMakeFiles/CMakeTmp'
Building C object CMakeFiles/cmTC_c6b3d.dir/testCCompiler.c.o
/home/thosakwe/cross/bin/i686-elf-gcc    -o CMakeFiles/cmTC_c6b3d.dir/testCCompiler.c.o   -c /home/thosakwe/Source/os6/kernel/cmake-build-debug/CMakeFiles/CMakeTmp/testCCompiler.c
/home/thosakwe/cross/bin/../libexec/gcc/i686-elf/9.3.0/cc1: error while loading shared libraries: libisl.so.19: cannot open shared object file: No such file or directory
make[1]: *** [CMakeFiles/cmTC_c6b3d.dir/build.make:66: CMakeFiles/cmTC_c6b3d.dir/testCCompiler.c.o] Error 1
make[1]: Leaving directory '/home/thosakwe/Source/os6/kernel/cmake-build-debug/CMakeFiles/CMakeTmp'
make: *** [Makefile:121: cmTC_c6b3d/fast] Error 2



Compiling the C compiler identification source file "CMakeCCompilerId.c" failed.
Compiler: /home/thosakwe/cross/bin/i686-elf-gcc 
Build flags: 
Id flags:  

The output was:
1
/home/thosakwe/cross/bin/../libexec/gcc/i686-elf/9.3.0/cc1: error while loading shared libraries: libisl.so.19: cannot open shared object file: No such file or directory


Compiling the C compiler identification source file "CMakeCCompilerId.c" failed.
Compiler: /home/thosakwe/cross/bin/i686-elf-gcc 
Build flags: 
Id flags: -c 

The output was:
1
/home/thosakwe/cross/bin/../libexec/gcc/i686-elf/9.3.0/cc1: error while loading shared libraries: libisl.so.19: cannot open shared object file: No such file or directory


Compiling the C compiler identification source file "CMakeCCompilerId.c" failed.
Compiler: /home/thosakwe/cross/bin/i686-elf-gcc 
Build flags: 
Id flags: -Aa 

The output was:
1
/home/thosakwe/cross/bin/../libexec/gcc/i686-elf/9.3.0/cc1: error while loading shared libraries: libisl.so.19: cannot open shared object file: No such file or directory


Compiling the C compiler identification source file "CMakeCCompilerId.c" failed.
Compiler: /home/thosakwe/cross/bin/i686-elf-gcc 
Build flags: 
Id flags: -D__CLASSIC_C__ 

The output was:
1
/home/thosakwe/cross/bin/../libexec/gcc/i686-elf/9.3.0/cc1: error while loading shared libraries: libisl.so.19: cannot open shared object file: No such file or directory


Compiling the C compiler identification source file "CMakeCCompilerId.c" failed.
Compiler: /home/thosakwe/cross/bin/i686-elf-gcc 
Build flags: 
Id flags: --target=arm-arm-none-eabi;-mcpu=cortex-m3 

The output was:
1
i686-elf-gcc: warning: '-mcpu=' is deprecated; use '-mtune=' or '-march=' instead
i686-elf-gcc: error: unrecognized command line option '--target=arm-arm-none-eabi'


Compiling the C compiler identification source file "CMakeCCompilerId.c" failed.
Compiler: /home/thosakwe/cross/bin/i686-elf-gcc 
Build flags: 
Id flags:  

The output was:
1
/home/thosakwe/cross/bin/../libexec/gcc/i686-elf/9.3.0/cc1: error while loading shared libraries: libisl.so.19: cannot open shared object file: No such file or directory


Compiling the C compiler identification source file "CMakeCCompilerId.c" failed.
Compiler: /home/thosakwe/cross/bin/i686-elf-gcc 
Build flags: 
Id flags: -c 

The output was:
1
/home/thosakwe/cross/bin/../libexec/gcc/i686-elf/9.3.0/cc1: error while loading shared libraries: libisl.so.19: cannot open shared object file: No such file or directory


Compiling the C compiler identification source file "CMakeCCompilerId.c" failed.
Compiler: /home/thosakwe/cross/bin/i686-elf-gcc 
Build flags: 
Id flags: -Aa 

The output was:
1
/home/thosakwe/cross/bin/../libexec/gcc/i686-elf/9.3.0/cc1: error while loading shared libraries: libisl.so.19: cannot open shared object file: No such file or directory


Compiling the C compiler identification source file "CMakeCCompilerId.c" failed.
Compiler: /home/thosakwe/cross/bin/i686-elf-gcc 
Build flags: 
Id flags: -D__CLASSIC_C__ 

The output was:
1
/home/thosakwe/cross/bin/../libexec/gcc/i686-elf/9.3.0/cc1: error while loading shared libraries: libisl.so.19: cannot open shared object file: No such file or directory


Compiling the C compiler identification source file "CMakeCCompilerId.c" failed.
Compiler: /home/thosakwe/cross/bin/i686-elf-gcc 
Build flags: 
Id flags: --target=arm-arm-none-eabi;-mcpu=cortex-m3 

The output was:
1
i686-elf-gcc: warning: '-mcpu=' is deprecated; use '-mtune=' or '-march=' instead
i686-elf-gcc: error: unrecognized command line option '--target=arm-arm-none-eabi'


Checking whether the C compiler is IAR using "" did not match "IAR .+ Compiler":
i686-elf-gcc: fatal error: no input files
compilation terminated.
Checking whether the C compiler is IAR using "" did not match "IAR .+ Compiler":
i686-elf-gcc: fatal error: no input files
compilation terminated.
Compiling the CXX compiler identification source file "CMakeCXXCompilerId.cpp" failed.
Compiler: /home/thosakwe/cross/bin/i686-elf-g++ 
Build flags: 
Id flags:  

The output was:
1
/home/thosakwe/cross/bin/../libexec/gcc/i686-elf/9.3.0/cc1plus: error while loading shared libraries: libisl.so.19: cannot open shared object file: No such file or directory


Compiling the CXX compiler identification source file "CMakeCXXCompilerId.cpp" failed.
Compiler: /home/thosakwe/cross/bin/i686-elf-g++ 
Build flags: 
Id flags: -c 

The output was:
1
/home/thosakwe/cross/bin/../libexec/gcc/i686-elf/9.3.0/cc1plus: error while loading shared libraries: libisl.so.19: cannot open shared object file: No such file or directory


Compiling the CXX compiler identification source file "CMakeCXXCompilerId.cpp" failed.
Compiler: /home/thosakwe/cross/bin/i686-elf-g++ 
Build flags: 
Id flags: --c++ 

The output was:
1
i686-elf-g++: error: unrecognized command line option '--c++'


Compiling the CXX compiler identification source file "CMakeCXXCompilerId.cpp" failed.
Compiler: /home/thosakwe/cross/bin/i686-elf-g++ 
Build flags: 
Id flags: --ec++ 

The output was:
1
i686-elf-g++: error: unrecognized command line option '--ec++'; did you mean '-Weffc++'?


Compiling the CXX compiler identification source file "CMakeCXXCompilerId.cpp" failed.
Compiler: /home/thosakwe/cross/bin/i686-elf-g++ 
Build flags: 
Id flags: --target=arm-arm-none-eabi;-mcpu=cortex-m3 

The output was:
1
i686-elf-g++: warning: '-mcpu=' is deprecated; use '-mtune=' or '-march=' instead
i686-elf-g++: error: unrecognized command line option '--target=arm-arm-none-eabi'


Compiling the CXX compiler identification source file "CMakeCXXCompilerId.cpp" failed.
Compiler: /home/thosakwe/cross/bin/i686-elf-g++ 
Build flags: 
Id flags:  

The output was:
1
/home/thosakwe/cross/bin/../libexec/gcc/i686-elf/9.3.0/cc1plus: error while loading shared libraries: libisl.so.19: cannot open shared object file: No such file or directory


Compiling the CXX compiler identification source file "CMakeCXXCompilerId.cpp" failed.
Compiler: /home/thosakwe/cross/bin/i686-elf-g++ 
Build flags: 
Id flags: -c 

The output was:
1
/home/thosakwe/cross/bin/../libexec/gcc/i686-elf/9.3.0/cc1plus: error while loading shared libraries: libisl.so.19: cannot open shared object file: No such file or directory


Compiling the CXX compiler identification source file "CMakeCXXCompilerId.cpp" failed.
Compiler: /home/thosakwe/cross/bin/i686-elf-g++ 
Build flags: 
Id flags: --c++ 

The output was:
1
i686-elf-g++: error: unrecognized command line option '--c++'


Compiling the CXX compiler identification source file "CMakeCXXCompilerId.cpp" failed.
Compiler: /home/thosakwe/cross/bin/i686-elf-g++ 
Build flags: 
Id flags: --ec++ 

The output was:
1
i686-elf-g++: error: unrecognized command line option '--ec++'; did you mean '-Weffc++'?


Compiling the CXX compiler identification source file "CMakeCXXCompilerId.cpp" failed.
Compiler: /home/thosakwe/cross/bin/i686-elf-g++ 
Build flags: 
Id flags: --target=arm-arm-none-eabi;-mcpu=cortex-m3 

The output was:
1
i686-elf-g++: warning: '-mcpu=' is deprecated; use '-mtune=' or '-march=' instead
i686-elf-g++: error: unrecognized command line option '--target=arm-arm-none-eabi'


Checking whether the CXX compiler is IAR using "" did not match "IAR .+ Compiler":
i686-elf-g++: fatal error: no input files
compilation terminated.
Checking whether the CXX compiler is IAR using "" did not match "IAR .+ Compiler":
i686-elf-g++: fatal error: no input files
compilation terminated.
Determining if the C compiler works failed with the following output:
Change Dir: /home/thosakwe/Source/os6/kernel/cmake-build-debug/CMakeFiles/CMakeTmp

Run Build Command(s):/usr/bin/make cmTC_0db52/fast && /usr/bin/make -f CMakeFiles/cmTC_0db52.dir/build.make CMakeFiles/cmTC_0db52.dir/build
make[1]: Entering directory '/home/thosakwe/Source/os6/kernel/cmake-build-debug/CMakeFiles/CMakeTmp'
Building C object CMakeFiles/cmTC_0db52.dir/testCCompiler.c.o
/home/thosakwe/cross/bin/i686-elf-gcc    -o CMakeFiles/cmTC_0db52.dir/testCCompiler.c.o   -c /home/thosakwe/Source/os6/kernel/cmake-build-debug/CMakeFiles/CMakeTmp/testCCompiler.c
/home/thosakwe/cross/bin/../libexec/gcc/i686-elf/9.3.0/cc1: error while loading shared libraries: libisl.so.19: cannot open shared object file: No such file or directory
make[1]: *** [CMakeFiles/cmTC_0db52.dir/build.make:66: CMakeFiles/cmTC_0db52.dir/testCCompiler.c.o] Error 1
make[1]: Leaving directory '/home/thosakwe/Source/os6/kernel/cmake-build-debug/CMakeFiles/CMakeTmp'
make: *** [Makefile:121: cmTC_0db52/fast] Error 2



Compiling the C compiler identification source file "CMakeCCompilerId.c" failed.
Compiler: /home/thosakwe/cross/bin/i686-elf-gcc 
Build flags: 
Id flags:  

The output was:
1
/home/thosakwe/cross/bin/../libexec/gcc/i686-elf/9.3.0/cc1: error while loading shared libraries: libisl.so.19: cannot open shared object file: No such file or directory


Compiling the C compiler identification source file "CMakeCCompilerId.c" failed.
Compiler: /home/thosakwe/cross/bin/i686-elf-gcc 
Build flags: 
Id flags: -c 

The output was:
1
/home/thosakwe/cross/bin/../libexec/gcc/i686-elf/9.3.0/cc1: error while loading shared libraries: libisl.so.19: cannot open shared object file: No such file or directory


Compiling the C compiler identification source file "CMakeCCompilerId.c" failed.
Compiler: /home/thosakwe/cross/bin/i686-elf-gcc 
Build flags: 
Id flags: -Aa 

The output was:
1
/home/thosakwe/cross/bin/../libexec/gcc/i686-elf/9.3.0/cc1: error while loading shared libraries: libisl.so.19: cannot open shared object file: No such file or directory


Compiling the C compiler identification source file "CMakeCCompilerId.c" failed.
Compiler: /home/thosakwe/cross/bin/i686-elf-gcc 
Build flags: 
Id flags: -D__CLASSIC_C__ 

The output was:
1
/home/thosakwe/cross/bin/../libexec/gcc/i686-elf/9.3.0/cc1: error while loading shared libraries: libisl.so.19: cannot open shared object file: No such file or directory


Compiling the C compiler identification source file "CMakeCCompilerId.c" failed.
Compiler: /home/thosakwe/cross/bin/i686-elf-gcc 
Build flags: 
Id flags: --target=arm-arm-none-eabi;-mcpu=cortex-m3 

The output was:
1
i686-elf-gcc: warning: '-mcpu=' is deprecated; use '-mtune=' or '-march=' instead
i686-elf-gcc: error: unrecognized command line option '--target=arm-arm-none-eabi'


Compiling the C compiler identification source file "CMakeCCompilerId.c" failed.
Compiler: /home/thosakwe/cross/bin/i686-elf-gcc 
Build flags: 
Id flags:  

The output was:
1
/home/thosakwe/cross/bin/../libexec/gcc/i686-elf/9.3.0/cc1: error while loading shared libraries: libisl.so.19: cannot open shared object file: No such file or directory


Compiling the C compiler identification source file "CMakeCCompilerId.c" failed.
Compiler: /home/thosakwe/cross/bin/i686-elf-gcc 
Build flags: 
Id flags: -c 

The output was:
1
/home/thosakwe/cross/bin/../libexec/gcc/i686-elf/9.3.0/cc1: error while loading shared libraries: libisl.so.19: cannot open shared object file: No such file or directory


Compiling the C compiler identification source file "CMakeCCompilerId.c" failed.
Compiler: /home/thosakwe/cross/bin/i686-elf-gcc 
Build flags: 
Id flags: -Aa 

The output was:
1
/home/thosakwe/cross/bin/../libexec/gcc/i686-elf/9.3.0/cc1: error while loading shared libraries: libisl.so.19: cannot open shared object file: No such file or directory


Compiling the C compiler identification source file "CMakeCCompilerId.c" failed.
Compiler: /home/thosakwe/cross/bin/i686-elf-gcc 
Build flags: 
Id flags: -D__CLASSIC_C__ 

The output was:
1
/home/thosakwe/cross/bin/../libexec/gcc/i686-elf/9.3.0/cc1: error while loading shared libraries: libisl.so.19: cannot open shared object file: No such file or directory


Compiling the C compiler identification source file "CMakeCCompilerId.c" failed.
Compiler: /home/thosakwe/cross/bin/i686-elf-gcc 
Build flags: 
Id flags: --target=arm-arm-none-eabi;-mcpu=cortex-m3 

The output was:
1
i686-elf-gcc: warning: '-mcpu=' is deprecated; use '-mtune=' or '-march=' instead
i686-elf-gcc: error: unrecognized command line option '--target=arm-arm-none-eabi'


Checking whether the C compiler is IAR using "" did not match "IAR .+ Compiler":
i686-elf-gcc: fatal error: no input files
compilation terminated.
Checking whether the C compiler is IAR using "" did not match "IAR .+ Compiler":
i686-elf-gcc: fatal error: no input files
compilation terminated.
Compiling the CXX compiler identification source file "CMakeCXXCompilerId.cpp" failed.
Compiler: /home/thosakwe/cross/bin/i686-elf-g++ 
Build flags: 
Id flags:  

The output was:
1
/home/thosakwe/cross/bin/../libexec/gcc/i686-elf/9.3.0/cc1plus: error while loading shared libraries: libisl.so.19: cannot open shared object file: No such file or directory


Compiling the CXX compiler identification source file "CMakeCXXCompilerId.cpp" failed.
Compiler: /home/thosakwe/cross/bin/i686-elf-g++ 
Build flags: 
Id flags: -c 

The output was:
1
/home/thosakwe/cross/bin/../libexec/gcc/i686-elf/9.3.0/cc1plus: error while loading shared libraries: libisl.so.19: cannot open shared object file: No such file or directory


Compiling the CXX compiler identification source file "CMakeCXXCompilerId.cpp" failed.
Compiler: /home/thosakwe/cross/bin/i686-elf-g++ 
Build flags: 
Id flags: --c++ 

The output was:
1
i686-elf-g++: error: unrecognized command line option '--c++'


Compiling the CXX compiler identification source file "CMakeCXXCompilerId.cpp" failed.
Compiler: /home/thosakwe/cross/bin/i686-elf-g++ 
Build flags: 
Id flags: --ec++ 

The output was:
1
i686-elf-g++: error: unrecognized command line option '--ec++'; did you mean '-Weffc++'?


Compiling the CXX compiler identification source file "CMakeCXXCompilerId.cpp" failed.
Compiler: /home/thosakwe/cross/bin/i686-elf-g++ 
Build flags: 
Id flags: --target=arm-arm-none-eabi;-mcpu=cortex-m3 

The output was:
1
i686-elf-g++: warning: '-mcpu=' is deprecated; use '-mtune=' or '-march=' instead
i686-elf-g++: error: unrecognized command line option '--target=arm-arm-none-eabi'


Compiling the CXX compiler identification source file "CMakeCXXCompilerId.cpp" failed.
Compiler: /home/thosakwe/cross/bin/i686-elf-g++ 
Build flags: 
Id flags:  

The output was:
1
/home/thosakwe/cross/bin/../libexec/gcc/i686-elf/9.3.0/cc1plus: error while loading shared libraries: libisl.so.19: cannot open shared object file: No such file or directory


Compiling the CXX compiler identification source file "CMakeCXXCompilerId.cpp" failed.
Compiler: /home/thosakwe/cross/bin/i686-elf-g++ 
Build flags: 
Id flags: -c 

The output was:
1
/home/thosakwe/cross/bin/../libexec/gcc/i686-elf/9.3.0/cc1plus: error while loading shared libraries: libisl.so.19: cannot open shared object file: No such file or directory


Compiling the CXX compiler identification source file "CMakeCXXCompilerId.cpp" failed.
Compiler: /home/thosakwe/cross/bin/i686-elf-g++ 
Build flags: 
Id flags: --c++ 

The output was:
1
i686-elf-g++: error: unrecognized command line option '--c++'


Compiling the CXX compiler identification source file "CMakeCXXCompilerId.cpp" failed.
Compiler: /home/thosakwe/cross/bin/i686-elf-g++ 
Build flags: 
Id flags: --ec++ 

The output was:
1
i686-elf-g++: error: unrecognized command line option '--ec++'; did you mean '-Weffc++'?


Compiling the CXX compiler identification source file "CMakeCXXCompilerId.cpp" failed.
Compiler: /home/thosakwe/cross/bin/i686-elf-g++ 
Build flags: 
Id flags: --target=arm-arm-none-eabi;-mcpu=cortex-m3 

The output was:
1
i686-elf-g++: warning: '-mcpu=' is deprecated; use '-mtune=' or '-march=' instead
i686-elf-g++: error: unrecognized command line option '--target=arm-arm-none-eabi'


Checking whether the CXX compiler is IAR using "" did not match "IAR .+ Compiler":
i686-elf-g++: fatal error: no input files
compilation terminated.
Checking whether the CXX compiler is IAR using "" did not match "IAR .+ Compiler":
i686-elf-g++: fatal error: no input files
compilation terminated.
Determining if the C compiler works failed with the following output:
Change Dir: /home/thosakwe/Source/os6/kernel/cmake-build-debug/CMakeFiles/CMakeTmp

Run Build Command(s):/usr/bin/make cmTC_ef8b1/fast && /usr/bin/make -f CMakeFiles/cmTC_ef8b1.dir/build.make CMakeFiles/cmTC_ef8b1.dir/build
make[1]: Entering directory '/home/thosakwe/Source/os6/kernel/cmake-build-debug/CMakeFiles/CMakeTmp'
Building C object CMakeFiles/cmTC_ef8b1.dir/testCCompiler.c.o
/home/thosakwe/cross/bin/i686-elf-gcc    -o CMakeFiles/cmTC_ef8b1.dir/testCCompiler.c.o   -c /home/thosakwe/Source/os6/kernel/cmake-build-debug/CMakeFiles/CMakeTmp/testCCompiler.c
/home/thosakwe/cross/bin/../libexec/gcc/i686-elf/9.3.0/cc1: error while loading shared libraries: libisl.so.19: cannot open shared object file: No such file or directory
make[1]: *** [CMakeFiles/cmTC_ef8b1.dir/build.make:66: CMakeFiles/cmTC_ef8b1.dir/testCCompiler.c.o] Error 1
make[1]: Leaving directory '/home/thosakwe/Source/os6/kernel/cmake-build-debug/CMakeFiles/CMakeTmp'
make: *** [Makefile:121: cmTC_ef8b1/fast] Error 2



Compiling the C compiler identification source file "CMakeCCompilerId.c" failed.
Compiler: /home/thosakwe/cross/bin/i686-elf-gcc 
Build flags: 
Id flags:  

The output was:
1
/home/thosakwe/cross/bin/../libexec/gcc/i686-elf/9.3.0/cc1: error while loading shared libraries: libisl.so.19: cannot open shared object file: No such file or directory


Compiling the C compiler identification source file "CMakeCCompilerId.c" failed.
Compiler: /home/thosakwe/cross/bin/i686-elf-gcc 
Build flags: 
Id flags: -c 

The output was:
1
/home/thosakwe/cross/bin/../libexec/gcc/i686-elf/9.3.0/cc1: error while loading shared libraries: libisl.so.19: cannot open shared object file: No such file or directory


Compiling the C compiler identification source file "CMakeCCompilerId.c" failed.
Compiler: /home/thosakwe/cross/bin/i686-elf-gcc 
Build flags: 
Id flags: -Aa 

The output was:
1
/home/thosakwe/cross/bin/../libexec/gcc/i686-elf/9.3.0/cc1: error while loading shared libraries: libisl.so.19: cannot open shared object file: No such file or directory


Compiling the C compiler identification source file "CMakeCCompilerId.c" failed.
Compiler: /home/thosakwe/cross/bin/i686-elf-gcc 
Build flags: 
Id flags: -D__CLASSIC_C__ 

The output was:
1
/home/thosakwe/cross/bin/../libexec/gcc/i686-elf/9.3.0/cc1: error while loading shared libraries: libisl.so.19: cannot open shared object file: No such file or directory


Compiling the C compiler identification source file "CMakeCCompilerId.c" failed.
Compiler: /home/thosakwe/cross/bin/i686-elf-gcc 
Build flags: 
Id flags: --target=arm-arm-none-eabi;-mcpu=cortex-m3 

The output was:
1
i686-elf-gcc: warning: '-mcpu=' is deprecated; use '-mtune=' or '-march=' instead
i686-elf-gcc: error: unrecognized command line option '--target=arm-arm-none-eabi'


Compiling the C compiler identification source file "CMakeCCompilerId.c" failed.
Compiler: /home/thosakwe/cross/bin/i686-elf-gcc 
Build flags: 
Id flags:  

The output was:
1
/home/thosakwe/cross/bin/../libexec/gcc/i686-elf/9.3.0/cc1: error while loading shared libraries: libisl.so.19: cannot open shared object file: No such file or directory


Compiling the C compiler identification source file "CMakeCCompilerId.c" failed.
Compiler: /home/thosakwe/cross/bin/i686-elf-gcc 
Build flags: 
Id flags: -c 

The output was:
1
/home/thosakwe/cross/bin/../libexec/gcc/i686-elf/9.3.0/cc1: error while loading shared libraries: libisl.so.19: cannot open shared object file: No such file or directory


Compiling the C compiler identification source file "CMakeCCompilerId.c" failed.
Compiler: /home/thosakwe/cross/bin/i686-elf-gcc 
Build flags: 
Id flags: -Aa 

The output was:
1
/home/thosakwe/cross/bin/../libexec/gcc/i686-elf/9.3.0/cc1: error while loading shared libraries: libisl.so.19: cannot open shared object file: No such file or directory


Compiling the C compiler identification source file "CMakeCCompilerId.c" failed.
Compiler: /home/thosakwe/cross/bin/i686-elf-gcc 
Build flags: 
Id flags: -D__CLASSIC_C__ 

The output was:
1
/home/thosakwe/cross/bin/../libexec/gcc/i686-elf/9.3.0/cc1: error while loading shared libraries: libisl.so.19: cannot open shared object file: No such file or directory


Compiling the C compiler identification source file "CMakeCCompilerId.c" failed.
Compiler: /home/thosakwe/cross/bin/i686-elf-gcc 
Build flags: 
Id flags: --target=arm-arm-none-eabi;-mcpu=cortex-m3 

The output was:
1
i686-elf-gcc: warning: '-mcpu=' is deprecated; use '-mtune=' or '-march=' instead
i686-elf-gcc: error: unrecognized command line option '--target=arm-arm-none-eabi'


Checking whether the C compiler is IAR using "" did not match "IAR .+ Compiler":
i686-elf-gcc: fatal error: no input files
compilation terminated.
Checking whether the C compiler is IAR using "" did not match "IAR .+ Compiler":
i686-elf-gcc: fatal error: no input files
compilation terminated.
Compiling the CXX compiler identification source file "CMakeCXXCompilerId.cpp" failed.
Compiler: /home/thosakwe/cross/bin/i686-elf-g++ 
Build flags: 
Id flags:  

The output was:
1
/home/thosakwe/cross/bin/../libexec/gcc/i686-elf/9.3.0/cc1plus: error while loading shared libraries: libisl.so.19: cannot open shared object file: No such file or directory


Compiling the CXX compiler identification source file "CMakeCXXCompilerId.cpp" failed.
Compiler: /home/thosakwe/cross/bin/i686-elf-g++ 
Build flags: 
Id flags: -c 

The output was:
1
/home/thosakwe/cross/bin/../libexec/gcc/i686-elf/9.3.0/cc1plus: error while loading shared libraries: libisl.so.19: cannot open shared object file: No such file or directory


Compiling the CXX compiler identification source file "CMakeCXXCompilerId.cpp" failed.
Compiler: /home/thosakwe/cross/bin/i686-elf-g++ 
Build flags: 
Id flags: --c++ 

The output was:
1
i686-elf-g++: error: unrecognized command line option '--c++'


Compiling the CXX compiler identification source file "CMakeCXXCompilerId.cpp" failed.
Compiler: /home/thosakwe/cross/bin/i686-elf-g++ 
Build flags: 
Id flags: --ec++ 

The output was:
1
i686-elf-g++: error: unrecognized command line option '--ec++'; did you mean '-Weffc++'?


Compiling the CXX compiler identification source file "CMakeCXXCompilerId.cpp" failed.
Compiler: /home/thosakwe/cross/bin/i686-elf-g++ 
Build flags: 
Id flags: --target=arm-arm-none-eabi;-mcpu=cortex-m3 

The output was:
1
i686-elf-g++: warning: '-mcpu=' is deprecated; use '-mtune=' or '-march=' instead
i686-elf-g++: error: unrecognized command line option '--target=arm-arm-none-eabi'


Compiling the CXX compiler identification source file "CMakeCXXCompilerId.cpp" failed.
Compiler: /home/thosakwe/cross/bin/i686-elf-g++ 
Build flags: 
Id flags:  

The output was:
1
/home/thosakwe/cross/bin/../libexec/gcc/i686-elf/9.3.0/cc1plus: error while loading shared libraries: libisl.so.19: cannot open shared object file: No such file or directory


Compiling the CXX compiler identification source file "CMakeCXXCompilerId.cpp" failed.
Compiler: /home/thosakwe/cross/bin/i686-elf-g++ 
Build flags: 
Id flags: -c 

The output was:
1
/home/thosakwe/cross/bin/../libexec/gcc/i686-elf/9.3.0/cc1plus: error while loading shared libraries: libisl.so.19: cannot open shared object file: No such file or directory


Compiling the CXX compiler identification source file "CMakeCXXCompilerId.cpp" failed.
Compiler: /home/thosakwe/cross/bin/i686-elf-g++ 
Build flags: 
Id flags: --c++ 

The output was:
1
i686-elf-g++: error: unrecognized command line option '--c++'


Compiling the CXX compiler identification source file "CMakeCXXCompilerId.cpp" failed.
Compiler: /home/thosakwe/cross/bin/i686-elf-g++ 
Build flags: 
Id flags: --ec++ 

The output was:
1
i686-elf-g++: error: unrecognized command line option '--ec++'; did you mean '-Weffc++'?


Compiling the CXX compiler identification source file "CMakeCXXCompilerId.cpp" failed.
Compiler: /home/thosakwe/cross/bin/i686-elf-g++ 
Build flags: 
Id flags: --target=arm-arm-none-eabi;-mcpu=cortex-m3 

The output was:
1
i686-elf-g++: warning: '-mcpu=' is deprecated; use '-mtune=' or '-march=' instead
i686-elf-g++: error: unrecognized command line option '--target=arm-arm-none-eabi'


Checking whether the CXX compiler is IAR using "" did not match "IAR .+ Compiler":
i686-elf-g++: fatal error: no input files
compilation terminated.
Checking whether the CXX compiler is IAR using "" did not match "IAR .+ Compiler":
i686-elf-g++: fatal error: no input files
compilation terminated.
Determining if the C compiler works failed with the following output:
Change Dir: /home/thosakwe/Source/os6/kernel/cmake-build-debug/CMakeFiles/CMakeTmp

Run Build Command(s):/usr/bin/make cmTC_40908/fast && /usr/bin/make -f CMakeFiles/cmTC_40908.dir/build.make CMakeFiles/cmTC_40908.dir/build
make[1]: Entering directory '/home/thosakwe/Source/os6/kernel/cmake-build-debug/CMakeFiles/CMakeTmp'
Building C object CMakeFiles/cmTC_40908.dir/testCCompiler.c.o
/home/thosakwe/cross/bin/i686-elf-gcc    -o CMakeFiles/cmTC_40908.dir/testCCompiler.c.o   -c /home/thosakwe/Source/os6/kernel/cmake-build-debug/CMakeFiles/CMakeTmp/testCCompiler.c
/home/thosakwe/cross/bin/../libexec/gcc/i686-elf/9.3.0/cc1: error while loading shared libraries: libisl.so.19: cannot open shared object file: No such file or directory
make[1]: *** [CMakeFiles/cmTC_40908.dir/build.make:66: CMakeFiles/cmTC_40908.dir/testCCompiler.c.o] Error 1
make[1]: Leaving directory '/home/thosakwe/Source/os6/kernel/cmake-build-debug/CMakeFiles/CMakeTmp'
make: *** [Makefile:121: cmTC_40908/fast] Error 2



Compiling the C compiler identification source file "CMakeCCompilerId.c" failed.
Compiler: /home/thosakwe/cross/bin/i686-elf-gcc 
Build flags: 
Id flags:  

The output was:
1
/home/thosakwe/cross/bin/../libexec/gcc/i686-elf/9.3.0/cc1: error while loading shared libraries: libisl.so.19: cannot open shared object file: No such file or directory


Compiling the C compiler identification source file "CMakeCCompilerId.c" failed.
Compiler: /home/thosakwe/cross/bin/i686-elf-gcc 
Build flags: 
Id flags: -c 

The output was:
1
/home/thosakwe/cross/bin/../libexec/gcc/i686-elf/9.3.0/cc1: error while loading shared libraries: libisl.so.19: cannot open shared object file: No such file or directory


Compiling the C compiler identification source file "CMakeCCompilerId.c" failed.
Compiler: /home/thosakwe/cross/bin/i686-elf-gcc 
Build flags: 
Id flags: -Aa 

The output was:
1
/home/thosakwe/cross/bin/../libexec/gcc/i686-elf/9.3.0/cc1: error while loading shared libraries: libisl.so.19: cannot open shared object file: No such file or directory


Compiling the C compiler identification source file "CMakeCCompilerId.c" failed.
Compiler: /home/thosakwe/cross/bin/i686-elf-gcc 
Build flags: 
Id flags: -D__CLASSIC_C__ 

The output was:
1
/home/thosakwe/cross/bin/../libexec/gcc/i686-elf/9.3.0/cc1: error while loading shared libraries: libisl.so.19: cannot open shared object file: No such file or directory


Compiling the C compiler identification source file "CMakeCCompilerId.c" failed.
Compiler: /home/thosakwe/cross/bin/i686-elf-gcc 
Build flags: 
Id flags: --target=arm-arm-none-eabi;-mcpu=cortex-m3 

The output was:
1
i686-elf-gcc: warning: '-mcpu=' is deprecated; use '-mtune=' or '-march=' instead
i686-elf-gcc: error: unrecognized command line option '--target=arm-arm-none-eabi'


Compiling the C compiler identification source file "CMakeCCompilerId.c" failed.
Compiler: /home/thosakwe/cross/bin/i686-elf-gcc 
Build flags: 
Id flags:  

The output was:
1
/home/thosakwe/cross/bin/../libexec/gcc/i686-elf/9.3.0/cc1: error while loading shared libraries: libisl.so.19: cannot open shared object file: No such file or directory


Compiling the C compiler identification source file "CMakeCCompilerId.c" failed.
Compiler: /home/thosakwe/cross/bin/i686-elf-gcc 
Build flags: 
Id flags: -c 

The output was:
1
/home/thosakwe/cross/bin/../libexec/gcc/i686-elf/9.3.0/cc1: error while loading shared libraries: libisl.so.19: cannot open shared object file: No such file or directory


Compiling the C compiler identification source file "CMakeCCompilerId.c" failed.
Compiler: /home/thosakwe/cross/bin/i686-elf-gcc 
Build flags: 
Id flags: -Aa 

The output was:
1
/home/thosakwe/cross/bin/../libexec/gcc/i686-elf/9.3.0/cc1: error while loading shared libraries: libisl.so.19: cannot open shared object file: No such file or directory


Compiling the C compiler identification source file "CMakeCCompilerId.c" failed.
Compiler: /home/thosakwe/cross/bin/i686-elf-gcc 
Build flags: 
Id flags: -D__CLASSIC_C__ 

The output was:
1
/home/thosakwe/cross/bin/../libexec/gcc/i686-elf/9.3.0/cc1: error while loading shared libraries: libisl.so.19: cannot open shared object file: No such file or directory


Compiling the C compiler identification source file "CMakeCCompilerId.c" failed.
Compiler: /home/thosakwe/cross/bin/i686-elf-gcc 
Build flags: 
Id flags: --target=arm-arm-none-eabi;-mcpu=cortex-m3 

The output was:
1
i686-elf-gcc: warning: '-mcpu=' is deprecated; use '-mtune=' or '-march=' instead
i686-elf-gcc: error: unrecognized command line option '--target=arm-arm-none-eabi'


Checking whether the C compiler is IAR using "" did not match "IAR .+ Compiler":
i686-elf-gcc: fatal error: no input files
compilation terminated.
Checking whether the C compiler is IAR using "" did not match "IAR .+ Compiler":
i686-elf-gcc: fatal error: no input files
compilation terminated.
Compiling the CXX compiler identification source file "CMakeCXXCompilerId.cpp" failed.
Compiler: /home/thosakwe/cross/bin/i686-elf-g++ 
Build flags: 
Id flags:  

The output was:
1
/home/thosakwe/cross/bin/../libexec/gcc/i686-elf/9.3.0/cc1plus: error while loading shared libraries: libisl.so.19: cannot open shared object file: No such file or directory


Compiling the CXX compiler identification source file "CMakeCXXCompilerId.cpp" failed.
Compiler: /home/thosakwe/cross/bin/i686-elf-g++ 
Build flags: 
Id flags: -c 

The output was:
1
/home/thosakwe/cross/bin/../libexec/gcc/i686-elf/9.3.0/cc1plus: error while loading shared libraries: libisl.so.19: cannot open shared object file: No such file or directory


Compiling the CXX compiler identification source file "CMakeCXXCompilerId.cpp" failed.
Compiler: /home/thosakwe/cross/bin/i686-elf-g++ 
Build flags: 
Id flags: --c++ 

The output was:
1
i686-elf-g++: error: unrecognized command line option '--c++'


Compiling the CXX compiler identification source file "CMakeCXXCompilerId.cpp" failed.
Compiler: /home/thosakwe/cross/bin/i686-elf-g++ 
Build flags: 
Id flags: --ec++ 

The output was:
1
i686-elf-g++: error: unrecognized command line option '--ec++'; did you mean '-Weffc++'?


Compiling the CXX compiler identification source file "CMakeCXXCompilerId.cpp" failed.
Compiler: /home/thosakwe/cross/bin/i686-elf-g++ 
Build flags: 
Id flags: --target=arm-arm-none-eabi;-mcpu=cortex-m3 

The output was:
1
i686-elf-g++: warning: '-mcpu=' is deprecated; use '-mtune=' or '-march=' instead
i686-elf-g++: error: unrecognized command line option '--target=arm-arm-none-eabi'


Compiling the CXX compiler identification source file "CMakeCXXCompilerId.cpp" failed.
Compiler: /home/thosakwe/cross/bin/i686-elf-g++ 
Build flags: 
Id flags:  

The output was:
1
/home/thosakwe/cross/bin/../libexec/gcc/i686-elf/9.3.0/cc1plus: error while loading shared libraries: libisl.so.19: cannot open shared object file: No such file or directory


Compiling the CXX compiler identification source file "CMakeCXXCompilerId.cpp" failed.
Compiler: /home/thosakwe/cross/bin/i686-elf-g++ 
Build flags: 
Id flags: -c 

The output was:
1
/home/thosakwe/cross/bin/../libexec/gcc/i686-elf/9.3.0/cc1plus: error while loading shared libraries: libisl.so.19: cannot open shared object file: No such file or directory


Compiling the CXX compiler identification source file "CMakeCXXCompilerId.cpp" failed.
Compiler: /home/thosakwe/cross/bin/i686-elf-g++ 
Build flags: 
Id flags: --c++ 

The output was:
1
i686-elf-g++: error: unrecognized command line option '--c++'


Compiling the CXX compiler identification source file "CMakeCXXCompilerId.cpp" failed.
Compiler: /home/thosakwe/cross/bin/i686-elf-g++ 
Build flags: 
Id flags: --ec++ 

The output was:
1
i686-elf-g++: error: unrecognized command line option '--ec++'; did you mean '-Weffc++'?


Compiling the CXX compiler identification source file "CMakeCXXCompilerId.cpp" failed.
Compiler: /home/thosakwe/cross/bin/i686-elf-g++ 
Build flags: 
Id flags: --target=arm-arm-none-eabi;-mcpu=cortex-m3 

The output was:
1
i686-elf-g++: warning: '-mcpu=' is deprecated; use '-mtune=' or '-march=' instead
i686-elf-g++: error: unrecognized command line option '--target=arm-arm-none-eabi'


Checking whether the CXX compiler is IAR using "" did not match "IAR .+ Compiler":
i686-elf-g++: fatal error: no input files
compilation terminated.
Checking whether the CXX compiler is IAR using "" did not match "IAR .+ Compiler":
i686-elf-g++: fatal error: no input files
compilation terminated.
Detecting C compiler ABI info failed to compile with the following output:
Change Dir: /home/thosakwe/Source/os6/kernel/cmake-build-debug/CMakeFiles/CMakeTmp

Run Build Command(s):/usr/bin/make cmTC_435e6/fast && /usr/bin/make -f CMakeFiles/cmTC_435e6.dir/build.make CMakeFiles/cmTC_435e6.dir/build
make[1]: Entering directory '/home/thosakwe/Source/os6/kernel/cmake-build-debug/CMakeFiles/CMakeTmp'
Building C object CMakeFiles/cmTC_435e6.dir/CMakeCCompilerABI.c.o
/home/thosakwe/cross/bin/i686-elf-gcc    -o CMakeFiles/cmTC_435e6.dir/CMakeCCompilerABI.c.o   -c /usr/share/cmake-3.16/Modules/CMakeCCompilerABI.c
/home/thosakwe/cross/bin/../libexec/gcc/i686-elf/9.3.0/cc1: error while loading shared libraries: libisl.so.19: cannot open shared object file: No such file or directory
make[1]: *** [CMakeFiles/cmTC_435e6.dir/build.make:66: CMakeFiles/cmTC_435e6.dir/CMakeCCompilerABI.c.o] Error 1
make[1]: Leaving directory '/home/thosakwe/Source/os6/kernel/cmake-build-debug/CMakeFiles/CMakeTmp'
make: *** [Makefile:121: cmTC_435e6/fast] Error 2




Detecting CXX compiler ABI info failed to compile with the following output:
Change Dir: /home/thosakwe/Source/os6/kernel/cmake-build-debug/CMakeFiles/CMakeTmp

Run Build Command(s):/usr/bin/make cmTC_1187a/fast && /usr/bin/make -f CMakeFiles/cmTC_1187a.dir/build.make CMakeFiles/cmTC_1187a.dir/build
make[1]: Entering directory '/home/thosakwe/Source/os6/kernel/cmake-build-debug/CMakeFiles/CMakeTmp'
Building CXX object CMakeFiles/cmTC_1187a.dir/CMakeCXXCompilerABI.cpp.o
/home/thosakwe/cross/bin/i686-elf-g++     -o CMakeFiles/cmTC_1187a.dir/CMakeCXXCompilerABI.cpp.o -c /usr/share/cmake-3.16/Modules/CMakeCXXCompilerABI.cpp
/home/thosakwe/cross/bin/../libexec/gcc/i686-elf/9.3.0/cc1plus: error while loading shared libraries: libisl.so.19: cannot open shared object file: No such file or directory
make[1]: *** [CMakeFiles/cmTC_1187a.dir/build.make:66: CMakeFiles/cmTC_1187a.dir/CMakeCXXCompilerABI.cpp.o] Error 1
make[1]: Leaving directory '/home/thosakwe/Source/os6/kernel/cmake-build-debug/CMakeFiles/CMakeTmp'
make: *** [Makefile:121: cmTC_1187a/fast] Error 2




